[6724:34732:0704/194742.741:INFO:components\enterprise\browser\controller\chrome_browser_cloud_management_controller.cc:202] No machine level policy manager exists.
[22584:34720:0704/194743.359:ERROR:net\disk_cache\blockfile\backend_impl.cc:985] Critical error found -8
[22584:34720:0704/194743.506:WARNING:net\disk_cache\blockfile\storage_block-inl.h:136] Failed data load.
[6724:34732:0704/194745.287:INFO:CONSOLE:250] "
%cSTOP！ font-family:helvetica; font-size:20px; font-size:50px; font-weight:bold; color:red; -webkit-text-stroke:1px black;", source: https://static.cdninstagram.com/rsrc.php/v4/yf/r/1llVN9bYZPM.js (250)
[6724:34732:0704/194745.287:INFO:CONSOLE:250] "
%cこれは開発者向けのブラウザー機能です。Threads機能を有効にするためまたは誰かのアカウントをハッキングするために、ここに何かをコピー・貼り付けするように言われた場合、それは第三者があなたのThreadsアカウントへのアクセスを得るための詐欺・不正行為です。 font-family:helvetica; font-size:20px; ", source: https://static.cdninstagram.com/rsrc.php/v4/yf/r/1llVN9bYZPM.js (250)
[6724:34732:0704/194745.287:INFO:CONSOLE:250] "
%c詳細はhttps://www.facebook.com/selfxssをご覧ください。 font-family:helvetica; font-size:20px; ", source: https://static.cdninstagram.com/rsrc.php/v4/yf/r/1llVN9bYZPM.js (250)
[6724:34732:0704/194745.287:INFO:CONSOLE:250] "
%c ", source: https://static.cdninstagram.com/rsrc.php/v4/yf/r/1llVN9bYZPM.js (250)
[6724:34732:0704/194749.342:INFO:CONSOLE:250] "
%cSTOP！ font-family:helvetica; font-size:20px; font-size:50px; font-weight:bold; color:red; -webkit-text-stroke:1px black;", source: https://static.cdninstagram.com/rsrc.php/v4/yf/r/1llVN9bYZPM.js (250)
[6724:34732:0704/194749.342:INFO:CONSOLE:250] "
%cこれは開発者向けのブラウザー機能です。Threads機能を有効にするためまたは誰かのアカウントをハッキングするために、ここに何かをコピー・貼り付けするように言われた場合、それは第三者があなたのThreadsアカウントへのアクセスを得るための詐欺・不正行為です。 font-family:helvetica; font-size:20px; ", source: https://static.cdninstagram.com/rsrc.php/v4/yf/r/1llVN9bYZPM.js (250)
[6724:34732:0704/194749.342:INFO:CONSOLE:250] "
%c詳細はhttps://www.facebook.com/selfxssをご覧ください。 font-family:helvetica; font-size:20px; ", source: https://static.cdninstagram.com/rsrc.php/v4/yf/r/1llVN9bYZPM.js (250)
[6724:34732:0704/194749.342:INFO:CONSOLE:250] "
%c ", source: https://static.cdninstagram.com/rsrc.php/v4/yf/r/1llVN9bYZPM.js (250)
[6724:34732:0704/194751.266:INFO:CONSOLE:76] "ErrorUtils caught an error:

[WebBloks] Tried closing a screen when there are no modals or stacks

Subsequent non-fatal errors won't be logged; see https://fburl.com/debugjs. [object Object]", source: https://static.cdninstagram.com/rsrc.php/v4/yf/r/1llVN9bYZPM.js (76)
[6724:34732:0704/194753.881:ERROR:components\device_event_log\device_event_log_impl.cc:202] [19:47:53.881] USB: usb_service_win.cc:105 SetupDiGetDeviceProperty({{A45C254E-DF1C-4EFD-8020-67D146A850E0}, 6}) failed: 要素が見つかりません。 (0x490)
