2025-06-12 21:56:45,071 - threads-automation - INFO - キャッシュからコンテンツを読み込みました: 0件のメイン, 0件のアフィリエイト
2025-06-12 21:59:58,266 - threads-automation - INFO - キャッシュからコンテンツを読み込みました: 0件のメイン, 0件のアフィリエイト
2025-06-12 22:02:09,291 - threads-automation - INFO - CSVエンコーディング検出: utf-8 - main.csv
2025-06-12 22:02:09,293 - threads-automation - INFO - CSVデータ読み込み完了: 275件 - main.csv
2025-06-12 22:02:09,300 - threads-automation - INFO - CSVエンコーディング検出: utf-8 - affiliate.csv
2025-06-12 22:02:09,301 - threads-automation - INFO - CSVデータ読み込み完了: 275件 - affiliate.csv
2025-06-12 22:02:09,307 - threads-automation - INFO - コンテンツをキャッシュに保存しました
2025-06-12 22:22:07,599 - dotenv.main - WARNING - python-dotenv could not parse statement starting at line 8
2025-06-12 22:22:42,004 - dotenv.main - WARNING - python-dotenv could not parse statement starting at line 8
2025-06-12 22:23:33,320 - dotenv.main - WARNING - python-dotenv could not parse statement starting at line 8
2025-06-12 22:24:58,638 - PostingScheduler - INFO - 投稿関数を設定: posting_function
2025-06-12 22:37:01,036 - PostingScheduler - INFO - 投稿関数を設定: posting_function
2025-06-12 22:37:55,340 - PostingScheduler - INFO - 投稿関数を設定: posting_function
2025-06-12 22:37:55,340 - PostingScheduler - INFO - スケジュール設定: 02:00
2025-06-12 22:37:55,341 - PostingScheduler - INFO - スケジュール設定: 05:00
2025-06-12 22:37:55,341 - PostingScheduler - INFO - スケジュール設定: 08:00
2025-06-12 22:37:55,341 - PostingScheduler - INFO - スケジュール設定: 12:00
2025-06-12 22:37:55,341 - PostingScheduler - INFO - スケジュール設定: 17:00
2025-06-12 22:37:55,341 - PostingScheduler - INFO - スケジュール設定: 20:00
2025-06-12 22:37:55,341 - PostingScheduler - INFO - スケジュール設定: 22:00
2025-06-12 22:37:55,341 - PostingScheduler - INFO - スケジュール設定: 00:00
2025-06-12 22:56:22,316 - threads-automation - ERROR - テキスト投稿エラー: 401 Client Error: Unauthorized for url: https://graph.facebook.com/v18.0/ACCOUNT_011/threads
2025-06-12 22:59:54,657 - threads-automation - ERROR - テキスト投稿エラー: 401 Client Error: Unauthorized for url: https://graph.facebook.com/v18.0/None/threads
2025-06-12 23:11:21,302 - threads-automation - ERROR - テキスト投稿エラー: 401 Client Error: Unauthorized for url: https://graph.facebook.com/v18.0/None/threads
2025-06-12 23:13:37,310 - threads-automation - ERROR - テキスト投稿エラー: 401 Client Error: Unauthorized for url: https://graph.facebook.com/v18.0/18068250716584647/threads
2025-06-12 23:15:27,387 - threads-automation - ERROR - テキスト投稿エラー: 401 Client Error: Unauthorized for url: https://graph.facebook.com/v18.0/10068250716584647/threads
2025-06-12 23:28:17,881 - threads-automation - ERROR - テキスト投稿エラー: 401 Client Error: Unauthorized for url: https://graph.facebook.com/v18.0/10068250716584647/threads
2025-06-13 08:12:06,436 - threads-automation - INFO - 投稿URL: https://graph.facebook.com/v18.0/10068250716584647/threads
2025-06-13 08:12:06,437 - threads-automation - INFO - ユーザーID: 10068250716584647
2025-06-13 08:12:06,438 - threads-automation - INFO - ペイロード: {'text': 'Threadsで出会った人にAF開発された時によく使ってた(*ﾉωﾉ)\n1滴垂らすだけで臭い消えてとてもよかった(*ﾉωﾉ)'}
2025-06-13 08:12:06,730 - threads-automation - INFO - レスポンスステータス: 401
2025-06-13 08:12:06,730 - threads-automation - INFO - レスポンス内容: {"error":{"message":"Invalid OAuth access token - Cannot parse access token","type":"OAuthException","code":190,"fbtrace_id":"A3lDPqmsVrQtJYhHZKQQ5T6"}}
2025-06-13 08:12:06,731 - threads-automation - ERROR - テキスト投稿エラー: 401 Client Error: Unauthorized for url: https://graph.facebook.com/v18.0/10068250716584647/threads
2025-06-13 08:24:34,309 - threads-automation - INFO - 投稿URL: https://graph.facebook.com/v18.0/10068250716584647/threads
2025-06-13 08:24:34,310 - threads-automation - INFO - ユーザーID: 10068250716584647
2025-06-13 08:24:34,612 - threads-automation - INFO - レスポンスステータス: 401
2025-06-13 08:24:34,613 - threads-automation - INFO - レスポンス内容: {"error":{"message":"Invalid OAuth access token - Cannot parse access token","type":"OAuthException","code":190,"fbtrace_id":"ATF7D0ccYnV17Wul0qvPkTZ"}}
2025-06-13 08:24:34,613 - threads-automation - ERROR - テキスト投稿エラー: 401 Client Error: Unauthorized for url: https://graph.facebook.com/v18.0/10068250716584647/threads
2025-06-13 08:40:17,010 - threads-automation - INFO - ユーザー情報取得成功: {'id': '10068250716584647'}
2025-06-13 08:40:17,016 - threads-automation - INFO - 投稿URL: https://graph.threads.net/v1.0/10068250716584647/threads
2025-06-13 08:40:17,016 - threads-automation - INFO - ユーザーID: 10068250716584647
2025-06-13 08:40:17,016 - threads-automation - INFO - ペイロード: {'text': 'ホラーようちえん', 'media_type': 'TEXT'}
2025-06-13 08:40:18,677 - threads-automation - INFO - レスポンスステータス: 200
2025-06-13 08:40:18,677 - threads-automation - INFO - レスポンス内容: {"id":"17901760806085875"}
2025-06-13 08:40:20,684 - threads-automation - INFO - 投稿成功: {'id': '18069930562989504'}
2025-06-13 08:49:49,821 - threads-automation - INFO - ユーザー情報取得成功: {'id': '10068250716584647'}
2025-06-13 08:49:49,822 - threads-automation - INFO - 投稿URL: https://graph.threads.net/v1.0/10068250716584647/threads
2025-06-13 08:49:49,822 - threads-automation - INFO - ユーザーID: 10068250716584647
2025-06-13 08:49:49,822 - threads-automation - INFO - ペイロード: {'text': 'いま日本政府が販売してる古古古米って60kgたった1000円って知ってた？\r\n\r\nしかも元々は家畜のエサなんだって、、、\r\nみんなどう思う？\r\n#古古古米', 'media_type': 'TEXT'}
2025-06-13 08:49:52,613 - threads-automation - INFO - レスポンスステータス: 200
2025-06-13 08:49:52,613 - threads-automation - INFO - レスポンス内容: {"id":"17910522825153596"}
2025-06-13 08:49:56,711 - threads-automation - INFO - 投稿成功: {'id': '18102721309549326'}
2025-06-13 08:50:01,992 - threads-automation - INFO - ユーザー情報取得成功: {'id': '10068250716584647'}
2025-06-13 08:50:01,992 - threads-automation - INFO - リプライURL: https://graph.threads.net/v1.0/18102721309549326/replies
2025-06-13 08:50:01,992 - threads-automation - INFO - ユーザーID: 10068250716584647
2025-06-13 08:50:01,993 - threads-automation - INFO - リプライ先ID: 18102721309549326
2025-06-13 08:50:01,993 - threads-automation - INFO - ペイロード: {'text': '過激すぎるかも...\nhttps://b-short.link/ZzDGuk'}
2025-06-13 08:50:02,227 - threads-automation - INFO - レスポンスステータス: 400
2025-06-13 08:50:02,228 - threads-automation - INFO - レスポンス内容: {"error":{"message":"Unsupported post request. Object with ID '18102721309549326' does not exist, cannot be loaded due to missing permissions, or does not support this operation","type":"THApiException","code":100,"error_subcode":33,"fbtrace_id":"AACzP5_U0u9Fz3PEUp8heEq"}}
2025-06-13 08:50:02,228 - threads-automation - ERROR - リプライ投稿エラー: 400 Client Error: Bad Request for url: https://graph.threads.net/v1.0/18102721309549326/replies
2025-06-13 09:00:32,599 - threads-automation - INFO - ユーザー情報取得成功: {'id': '10068250716584647'}
2025-06-13 09:00:32,600 - threads-automation - INFO - 投稿URL: https://graph.threads.net/v1.0/10068250716584647/threads
2025-06-13 09:00:32,600 - threads-automation - INFO - ユーザーID: 10068250716584647
2025-06-13 09:00:32,600 - threads-automation - INFO - ペイロード: {'text': 'どこ住みですか？\n近くなら会おう？', 'media_type': 'TEXT'}
2025-06-13 09:00:34,244 - threads-automation - INFO - レスポンスステータス: 200
2025-06-13 09:00:34,245 - threads-automation - INFO - レスポンス内容: {"id":"18091339531559334"}
2025-06-13 09:00:38,191 - threads-automation - INFO - 投稿成功: {'id': '18069170471083863'}
2025-06-13 09:00:43,635 - threads-automation - INFO - ユーザー情報取得成功: {'id': '10068250716584647'}
2025-06-13 09:00:43,636 - threads-automation - INFO - リプライURL: https://graph.threads.net/v1.0/10068250716584647/threads
2025-06-13 09:00:43,636 - threads-automation - INFO - ユーザーID: 10068250716584647
2025-06-13 09:00:43,636 - threads-automation - INFO - リプライ先ID: 18069170471083863
2025-06-13 09:00:43,636 - threads-automation - INFO - ペイロード: {'text': '過激すぎて...\nhttps://b-short.link/ZzDGuk', 'media_type': 'TEXT', 'reply_to_post_id': '18069170471083863'}
2025-06-13 09:00:45,259 - threads-automation - INFO - レスポンスステータス: 200
2025-06-13 09:00:45,271 - threads-automation - INFO - レスポンス内容: {"id":"18096662959573377"}
2025-06-13 09:00:49,444 - threads-automation - INFO - リプライ投稿成功: {'id': '17959553918946516'}
2025-06-13 09:38:05,453 - threads-automation - INFO - ユーザー情報取得成功: {'id': '10068250716584647'}
2025-06-13 09:38:05,455 - threads-automation - INFO - 投稿URL: https://graph.threads.net/v1.0/10068250716584647/threads
2025-06-13 09:38:05,455 - threads-automation - INFO - ユーザーID: 10068250716584647
2025-06-13 09:38:05,455 - threads-automation - INFO - ペイロード: {'text': '買ってきた塩をサラサラにする作業毎回楽しい\nと言う投稿に賛否両論の意見が...\nみんなはどう思う？', 'media_type': 'TEXT'}
2025-06-13 09:38:06,905 - threads-automation - INFO - レスポンスステータス: 200
2025-06-13 09:38:06,905 - threads-automation - INFO - レスポンス内容: {"id":"18108892714508843"}
2025-06-13 09:38:11,016 - threads-automation - INFO - 投稿成功: {'id': '17911201803114102'}
2025-06-13 09:38:16,288 - threads-automation - INFO - ユーザー情報取得成功: {'id': '10068250716584647'}
2025-06-13 09:38:16,288 - threads-automation - INFO - リプライURL: https://graph.threads.net/v1.0/17911201803114102/replies
2025-06-13 09:38:16,289 - threads-automation - INFO - ユーザーID: 10068250716584647
2025-06-13 09:38:16,289 - threads-automation - INFO - リプライ先ID: 17911201803114102
2025-06-13 09:38:16,605 - threads-automation - INFO - 原投稿情報確認: 200 - {"id":"17911201803114102"}
2025-06-13 09:38:16,847 - threads-automation - INFO - レスポンスステータス: 400
2025-06-13 09:38:16,847 - threads-automation - INFO - レスポンス内容: {"error":{"message":"Unsupported post request. Object with ID '17911201803114102' does not exist, cannot be loaded due to missing permissions, or does not support this operation","type":"THApiException","code":100,"error_subcode":33,"fbtrace_id":"Auoj1TuxJQdjImsM6hJMVVL"}}
2025-06-13 09:38:16,848 - threads-automation - INFO - 別の方法でリプライを試みます
2025-06-13 09:38:16,848 - threads-automation - INFO - 代替リプライURL: https://graph.threads.net/v1.0/10068250716584647/threads
2025-06-13 09:38:18,503 - threads-automation - INFO - 代替レスポンスステータス: 200
2025-06-13 09:38:18,504 - threads-automation - INFO - 代替レスポンス内容: {"id":"17931698897939710"}
2025-06-13 09:38:22,318 - threads-automation - INFO - リプライ投稿成功（代替方法）: {'id': '17851172931437059'}
2025-06-13 10:48:05,166 - threads-automation - INFO - ユーザー情報取得成功: {'id': '10068250716584647'}
2025-06-13 10:48:05,168 - threads-automation - INFO - 投稿URL: https://graph.threads.net/v1.0/10068250716584647/threads
2025-06-13 10:48:05,168 - threads-automation - INFO - ユーザーID: 10068250716584647
2025-06-13 10:48:05,169 - threads-automation - INFO - ペイロード: {'text': 'なんで参政党が無いの？', 'media_type': 'TEXT'}
2025-06-13 10:48:06,476 - threads-automation - INFO - レスポンスステータス: 200
2025-06-13 10:48:06,477 - threads-automation - INFO - レスポンス内容: {"id":"17935779786020655"}
2025-06-13 10:48:10,087 - threads-automation - INFO - 投稿成功: {'id': '17879466759340054'}
2025-06-13 10:48:15,426 - threads-automation - INFO - ユーザー情報取得成功: {'id': '10068250716584647'}
2025-06-13 10:48:15,727 - threads-automation - INFO - リプライ先投稿情報: {'id': '17879466759340054'}
2025-06-13 10:48:15,727 - threads-automation - INFO - リプライURL (方法1): https://graph.threads.net/v1.0/10068250716584647/threads
2025-06-13 10:48:15,727 - threads-automation - INFO - ユーザーID: 10068250716584647
2025-06-13 10:48:15,728 - threads-automation - INFO - リプライ先ID: 17879466759340054
2025-06-13 10:48:17,467 - threads-automation - INFO - レスポンスステータス (方法1): 200
2025-06-13 10:48:17,467 - threads-automation - INFO - レスポンス内容 (方法1): {"id":"18001761911620171"}
2025-06-13 10:48:21,271 - threads-automation - INFO - リプライ投稿成功 (方法1): {'id': '18078136243889301'}
2025-06-13 11:40:39,970 - threads-automation - INFO - ユーザー情報取得成功: {'id': '10068250716584647'}
2025-06-13 11:40:39,973 - threads-automation - INFO - 投稿URL: https://graph.threads.net/v1.0/10068250716584647/threads
2025-06-13 11:40:39,973 - threads-automation - INFO - ユーザーID: 10068250716584647
2025-06-13 11:40:42,120 - threads-automation - INFO - レスポンスステータス: 200
2025-06-13 11:40:42,120 - threads-automation - INFO - レスポンス内容: {"id":"18011296211742863"}
2025-06-13 11:40:46,569 - threads-automation - INFO - 投稿成功: {'id': '18174511300326965'}
2025-06-13 11:40:52,113 - threads-automation - INFO - ユーザー情報取得成功: {'id': '10068250716584647'}
2025-06-13 11:40:52,114 - threads-automation - INFO - リプライURL: https://graph.threads.net/v1.0/10068250716584647/threads
2025-06-13 11:40:52,114 - threads-automation - INFO - ユーザーID: 10068250716584647
2025-06-13 11:40:52,115 - threads-automation - INFO - リプライ先ID: 18174511300326965
2025-06-13 11:40:53,672 - threads-automation - INFO - レスポンスステータス: 200
2025-06-13 11:40:53,672 - threads-automation - INFO - レスポンス内容: {"id":"17937795261034012"}
2025-06-13 11:40:57,720 - threads-automation - INFO - リプライ投稿成功: {'id': '18137206399416110'}
2025-06-13 12:03:56,632 - threads-automation - INFO - ユーザー情報取得成功: {'id': '10068250716584647'}
2025-06-13 12:03:56,634 - threads-automation - INFO - 投稿URL: https://graph.threads.net/v1.0/10068250716584647/threads
2025-06-13 12:03:56,635 - threads-automation - INFO - ユーザーID: 10068250716584647
2025-06-13 12:03:56,635 - threads-automation - INFO - ペイロード: {'text': 'Threadsで出会った人にAF開発された時によく使ってた(*ﾉωﾉ)\n1滴垂らすだけで臭い消えてとてもよかった(*ﾉωﾉ)', 'media_type': 'TEXT'}
2025-06-13 12:03:58,942 - threads-automation - INFO - レスポンスステータス: 200
2025-06-13 12:03:58,942 - threads-automation - INFO - レスポンス内容: {"id":"18042017642290248"}
2025-06-13 12:04:03,176 - threads-automation - INFO - 投稿成功: {'id': '18032289335422014'}
2025-06-13 12:04:08,508 - threads-automation - INFO - ユーザー情報取得成功: {'id': '10068250716584647'}
2025-06-13 12:04:08,509 - threads-automation - INFO - リプライURL: https://graph.threads.net/v1.0/10068250716584647/threads
2025-06-13 12:04:08,509 - threads-automation - INFO - ユーザーID: 10068250716584647
2025-06-13 12:04:08,509 - threads-automation - INFO - リプライ先ID: 18032289335422014
2025-06-13 12:04:08,509 - threads-automation - INFO - ペイロード: {'text': 'AFしたい人はこっち来てね(*ﾉωﾉ)\n最近してないからきつきつかも...\nhttps://b-short.link/ZzDGuk', 'media_type': 'TEXT', 'reply_to_post_id': '18032289335422014'}
2025-06-13 12:04:10,300 - threads-automation - INFO - レスポンスステータス: 200
2025-06-13 12:04:10,301 - threads-automation - INFO - レスポンス内容: {"id":"18121417252457923"}
2025-06-13 12:04:14,445 - threads-automation - INFO - リプライ投稿成功: {'id': '18076210672894443'}
2025-06-13 17:05:56,267 - threads-automation - INFO - ユーザー情報取得成功: {'id': '10068250716584647'}
2025-06-13 17:05:56,270 - threads-automation - INFO - 投稿URL: https://graph.threads.net/v1.0/10068250716584647/threads
2025-06-13 17:05:56,270 - threads-automation - INFO - ユーザーID: 10068250716584647
2025-06-13 17:05:56,271 - threads-automation - INFO - ペイロード: {'text': 'ホラーようちえん', 'media_type': 'TEXT'}
2025-06-13 17:05:58,000 - threads-automation - INFO - レスポンスステータス: 200
2025-06-13 17:05:58,000 - threads-automation - INFO - レスポンス内容: {"id":"17901193023197760"}
2025-06-13 17:06:02,336 - threads-automation - INFO - 投稿成功: {'id': '18046104203627707'}
2025-06-13 17:06:07,722 - threads-automation - INFO - ユーザー情報取得成功: {'id': '10068250716584647'}
2025-06-13 17:06:07,723 - threads-automation - INFO - リプライURL: https://graph.threads.net/v1.0/10068250716584647/threads
2025-06-13 17:06:07,723 - threads-automation - INFO - ユーザーID: 10068250716584647
2025-06-13 17:06:07,724 - threads-automation - INFO - リプライ先ID: 18046104203627707
2025-06-13 17:06:09,823 - threads-automation - INFO - レスポンスステータス: 200
2025-06-13 17:06:09,823 - threads-automation - INFO - レスポンス内容: {"id":"18314961928231372"}
2025-06-13 17:06:14,602 - threads-automation - INFO - リプライ投稿成功: {'id': '17978527475846220'}
2025-06-13 17:59:02,721 - threads-automation - INFO - ユーザー情報取得成功: {'id': '10068250716584647'}
2025-06-13 17:59:02,724 - threads-automation - INFO - 投稿URL: https://graph.threads.net/v1.0/10068250716584647/threads
2025-06-13 17:59:02,724 - threads-automation - INFO - ユーザーID: 10068250716584647
2025-06-13 17:59:02,725 - threads-automation - INFO - ペイロード: {'text': 'どこ住みですか？\n近くなら会おう？', 'media_type': 'TEXT'}
2025-06-13 17:59:04,608 - threads-automation - INFO - レスポンスステータス: 200
2025-06-13 17:59:04,608 - threads-automation - INFO - レスポンス内容: {"id":"17886582324291230"}
2025-06-13 17:59:08,634 - threads-automation - INFO - 投稿成功: {'id': '18003395003789841'}
2025-06-13 17:59:13,909 - threads-automation - INFO - ユーザー情報取得成功: {'id': '10068250716584647'}
2025-06-13 17:59:13,910 - threads-automation - INFO - リプライURL: https://graph.threads.net/v1.0/10068250716584647/threads
2025-06-13 17:59:13,910 - threads-automation - INFO - ユーザーID: 10068250716584647
2025-06-13 17:59:13,911 - threads-automation - INFO - リプライ先ID: 18003395003789841
2025-06-13 17:59:13,911 - threads-automation - INFO - ペイロード: {'text': '過激すぎて...\nhttps://b-short.link/ZzDGuk', 'media_type': 'TEXT', 'reply_to_id': '18003395003789841'}
2025-06-13 17:59:16,337 - threads-automation - INFO - レスポンスステータス: 200
2025-06-13 17:59:16,338 - threads-automation - INFO - レスポンス内容: {"id":"17995951121800311"}
2025-06-13 17:59:21,526 - threads-automation - INFO - リプライ投稿成功: {'id': '18069774631817364'}
2025-06-13 17:59:36,064 - threads-automation - INFO - ユーザー情報取得成功: {'id': '10068250716584647'}
2025-06-13 17:59:36,065 - threads-automation - INFO - 投稿URL: https://graph.threads.net/v1.0/10068250716584647/threads
2025-06-13 17:59:36,065 - threads-automation - INFO - ユーザーID: 10068250716584647
2025-06-13 17:59:36,066 - threads-automation - INFO - ペイロード: {'text': 'いま日本政府が販売してる古古古米って60kgたった1000円って知ってた？\r\n\r\nしかも元々は家畜のエサなんだって、、、\r\nみんなどう思う？\r\n#古古古米', 'media_type': 'TEXT'}
2025-06-13 17:59:37,960 - threads-automation - INFO - レスポンスステータス: 200
2025-06-13 17:59:37,960 - threads-automation - INFO - レスポンス内容: {"id":"18043994384552922"}
2025-06-13 17:59:41,834 - threads-automation - INFO - 投稿成功: {'id': '18040348667318363'}
2025-06-13 17:59:47,118 - threads-automation - INFO - ユーザー情報取得成功: {'id': '10068250716584647'}
2025-06-13 17:59:47,118 - threads-automation - INFO - リプライURL: https://graph.threads.net/v1.0/10068250716584647/threads
2025-06-13 17:59:47,119 - threads-automation - INFO - ユーザーID: 10068250716584647
2025-06-13 17:59:47,119 - threads-automation - INFO - リプライ先ID: 18040348667318363
2025-06-13 17:59:47,119 - threads-automation - INFO - ペイロード: {'text': '過激すぎるかも...\nhttps://b-short.link/ZzDGuk', 'media_type': 'TEXT', 'reply_to_id': '18040348667318363'}
2025-06-13 17:59:50,108 - threads-automation - INFO - レスポンスステータス: 200
2025-06-13 17:59:50,108 - threads-automation - INFO - レスポンス内容: {"id":"18058846418214058"}
2025-06-13 17:59:55,448 - threads-automation - INFO - リプライ投稿成功: {'id': '17978785655717813'}
2025-06-13 19:42:02,460 - threads-automation - INFO - Cloudinaryに既存画像なし: Error 404 - Resource not found - threads/CONTENT_001
2025-06-13 19:42:38,889 - threads-automation - INFO - Cloudinaryに既存画像なし: Error 404 - Resource not found - threads/1
2025-06-13 19:56:25,833 - threads-automation - INFO - ユーザー情報取得成功: {'id': '10068250716584647'}
2025-06-13 19:56:25,843 - threads-automation - INFO - 投稿URL: https://graph.threads.net/v1.0/10068250716584647/threads
2025-06-13 19:56:25,843 - threads-automation - INFO - ユーザーID: 10068250716584647
2025-06-13 19:56:25,844 - threads-automation - INFO - ペイロード: {'text': '旧札で会計しようと思ったら末尾9Zは\n使わない方がいいと店員に止められたんだけどなんでかわかる？？', 'media_type': 'TEXT'}
2025-06-13 19:56:27,318 - threads-automation - INFO - レスポンスステータス: 200
2025-06-13 19:56:27,318 - threads-automation - INFO - レスポンス内容: {"id":"18042690290275781"}
2025-06-13 19:56:31,069 - threads-automation - INFO - 投稿成功: {'id': '18063582782126404'}
2025-06-13 19:56:36,388 - threads-automation - INFO - ユーザー情報取得成功: {'id': '10068250716584647'}
2025-06-13 19:56:36,388 - threads-automation - INFO - リプライURL: https://graph.threads.net/v1.0/10068250716584647/threads
2025-06-13 19:56:36,389 - threads-automation - INFO - ユーザーID: 10068250716584647
2025-06-13 19:56:36,389 - threads-automation - INFO - リプライ先ID: 18063582782126404
2025-06-13 19:56:38,604 - threads-automation - INFO - レスポンスステータス: 200
2025-06-13 19:56:38,604 - threads-automation - INFO - レスポンス内容: {"id":"18119320714462358"}
2025-06-13 19:56:43,924 - threads-automation - INFO - リプライ投稿成功: {'id': '18065811005029931'}
2025-06-13 19:58:15,913 - threads-automation - INFO - Cloudinaryに既存画像なし: Error 404 - Resource not found - threads/CONTENT_001
2025-06-13 20:10:45,853 - threads-automation - INFO - Cloudinaryに既存画像なし: Error 404 - Resource not found - threads/CONTENT_001
2025-06-13 20:13:55,697 - threads-automation - INFO - ユーザー情報取得成功: {'id': '10068250716584647'}
2025-06-13 20:13:55,699 - threads-automation - INFO - 画像投稿URL: https://graph.threads.net/v1.0/10068250716584647/threads
2025-06-13 20:13:55,699 - threads-automation - INFO - ユーザーID: 10068250716584647
2025-06-13 20:13:55,700 - threads-automation - INFO - 画像URL: https://res.cloudinary.com/duu2ybdru/image/upload/v1749813047/threads/CONTENT_001.jpg
2025-06-13 20:13:58,986 - threads-automation - INFO - レスポンスステータス: 200
2025-06-13 20:13:58,986 - threads-automation - INFO - レスポンス内容: {"id":"17939319125897949"}
2025-06-13 20:14:03,827 - threads-automation - INFO - 画像投稿成功: {'id': '18002558957788489'}
2025-06-13 20:14:34,663 - threads-automation - INFO - ユーザー情報取得成功: {'id': '10068250716584647'}
2025-06-13 20:14:34,663 - threads-automation - INFO - 投稿URL: https://graph.threads.net/v1.0/10068250716584647/threads
2025-06-13 20:14:34,664 - threads-automation - INFO - ユーザーID: 10068250716584647
2025-06-13 20:14:36,545 - threads-automation - INFO - レスポンスステータス: 200
2025-06-13 20:14:36,545 - threads-automation - INFO - レスポンス内容: {"id":"18029524217478112"}
2025-06-13 20:14:40,326 - threads-automation - INFO - 投稿成功: {'id': '18083981392706275'}
2025-06-13 20:14:45,606 - threads-automation - INFO - ユーザー情報取得成功: {'id': '10068250716584647'}
2025-06-13 20:14:45,607 - threads-automation - INFO - リプライURL: https://graph.threads.net/v1.0/10068250716584647/threads
2025-06-13 20:14:45,607 - threads-automation - INFO - ユーザーID: 10068250716584647
2025-06-13 20:14:45,608 - threads-automation - INFO - リプライ先ID: 18083981392706275
2025-06-13 20:14:48,063 - threads-automation - INFO - レスポンスステータス: 200
2025-06-13 20:14:48,064 - threads-automation - INFO - レスポンス内容: {"id":"18081262003647180"}
2025-06-13 20:14:53,609 - threads-automation - INFO - リプライ投稿成功: {'id': '18167629783349897'}
2025-06-13 20:15:43,436 - threads-automation - INFO - ユーザー情報取得成功: {'id': '10068250716584647'}
2025-06-13 20:15:43,437 - threads-automation - INFO - 投稿URL: https://graph.threads.net/v1.0/10068250716584647/threads
2025-06-13 20:15:43,437 - threads-automation - INFO - ユーザーID: 10068250716584647
2025-06-13 20:15:43,437 - threads-automation - INFO - ペイロード: {'text': '旧札で会計しようと思ったら末尾9Zは\n使わない方がいいと店員に止められたんだけどなんでかわかる？？', 'media_type': 'TEXT'}
2025-06-13 20:15:45,358 - threads-automation - INFO - レスポンスステータス: 200
2025-06-13 20:15:45,358 - threads-automation - INFO - レスポンス内容: {"id":"18096088408594193"}
2025-06-13 20:15:49,294 - threads-automation - INFO - 投稿成功: {'id': '17970312293878594'}
2025-06-13 20:15:54,616 - threads-automation - INFO - ユーザー情報取得成功: {'id': '10068250716584647'}
2025-06-13 20:15:54,617 - threads-automation - INFO - リプライURL: https://graph.threads.net/v1.0/10068250716584647/threads
2025-06-13 20:15:54,617 - threads-automation - INFO - ユーザーID: 10068250716584647
2025-06-13 20:15:54,617 - threads-automation - INFO - リプライ先ID: 17970312293878594
2025-06-13 20:15:56,874 - threads-automation - INFO - レスポンスステータス: 200
2025-06-13 20:15:56,874 - threads-automation - INFO - レスポンス内容: {"id":"17911084464036474"}
2025-06-13 20:16:01,879 - threads-automation - INFO - リプライ投稿成功: {'id': '18062443393935828'}
2025-06-13 20:20:52,682 - threads-automation - INFO - ユーザー情報取得成功: {'id': '10068250716584647'}
2025-06-13 20:20:52,682 - threads-automation - INFO - 投稿URL: https://graph.threads.net/v1.0/10068250716584647/threads
2025-06-13 20:20:52,683 - threads-automation - INFO - ユーザーID: 10068250716584647
2025-06-13 20:20:52,683 - threads-automation - INFO - ペイロード: {'text': '20代が1日でも早く気付くべきことはズバリこれみたい\nみんなはどう思う？', 'media_type': 'TEXT'}
2025-06-13 20:20:54,646 - threads-automation - INFO - レスポンスステータス: 200
2025-06-13 20:20:54,646 - threads-automation - INFO - レスポンス内容: {"id":"18101632312545417"}
2025-06-13 20:20:59,061 - threads-automation - INFO - 投稿成功: {'id': '18516713101059665'}
2025-06-13 20:21:04,371 - threads-automation - INFO - ユーザー情報取得成功: {'id': '10068250716584647'}
2025-06-13 20:21:04,371 - threads-automation - INFO - リプライURL: https://graph.threads.net/v1.0/10068250716584647/threads
2025-06-13 20:21:04,372 - threads-automation - INFO - ユーザーID: 10068250716584647
2025-06-13 20:21:04,372 - threads-automation - INFO - リプライ先ID: 18516713101059665
2025-06-13 20:21:06,425 - threads-automation - INFO - レスポンスステータス: 200
2025-06-13 20:21:06,426 - threads-automation - INFO - レスポンス内容: {"id":"17904911103183701"}
2025-06-13 20:21:11,171 - threads-automation - INFO - リプライ投稿成功: {'id': '18043762004554866'}
2025-06-14 15:03:20,141 - threads-automation - INFO - Cloudinaryに既存画像なし: Error 404 - Resource not found - threads/CONTENT_016
2025-06-14 15:03:23,427 - threads-automation - INFO - ユーザー情報取得成功: {'id': '10068250716584647'}
2025-06-14 15:03:23,431 - threads-automation - INFO - 画像投稿URL: https://graph.threads.net/v1.0/10068250716584647/threads
2025-06-14 15:03:23,432 - threads-automation - INFO - ユーザーID: 10068250716584647
2025-06-14 15:03:23,432 - threads-automation - INFO - 画像URL: https://res.cloudinary.com/duu2ybdru/image/upload/v1749881003/threads/CONTENT_016.png
2025-06-14 15:03:23,432 - threads-automation - INFO - ペイロード: {'text': 'これ分かる人いますか？\n答えは...続きを見る', 'image_url': 'https://res.cloudinary.com/duu2ybdru/image/upload/v1749881003/threads/CONTENT_016.png', 'media_type': 'IMAGE'}
2025-06-14 15:03:32,200 - threads-automation - INFO - レスポンスステータス: 200
2025-06-14 15:03:32,200 - threads-automation - INFO - レスポンス内容: {"id":"18082994653687057"}
2025-06-14 15:03:40,075 - threads-automation - INFO - 画像投稿成功: {'id': '18033500957660655'}
2025-06-14 15:03:45,460 - threads-automation - INFO - ユーザー情報取得成功: {'id': '10068250716584647'}
2025-06-14 15:03:45,461 - threads-automation - INFO - リプライURL: https://graph.threads.net/v1.0/10068250716584647/threads
2025-06-14 15:03:45,461 - threads-automation - INFO - ユーザーID: 10068250716584647
2025-06-14 15:03:45,461 - threads-automation - INFO - リプライ先ID: 18033500957660655
2025-06-14 15:03:51,672 - threads-automation - INFO - レスポンスステータス: 200
2025-06-14 15:03:51,673 - threads-automation - INFO - レスポンス内容: {"id":"18047351393187733"}
2025-06-14 15:04:01,447 - threads-automation - INFO - リプライ投稿成功: {'id': '17918018678997510'}
2025-06-14 15:36:46,182 - PostingScheduler - INFO - 投稿関数を設定: posting_function
2025-06-14 15:36:46,185 - PostingScheduler - INFO - スケジュール設定: 02:00
2025-06-14 15:36:46,185 - PostingScheduler - INFO - スケジュール設定: 05:00
2025-06-14 15:36:46,185 - PostingScheduler - INFO - スケジュール設定: 08:00
2025-06-14 15:36:46,185 - PostingScheduler - INFO - スケジュール設定: 12:00
2025-06-14 15:36:46,185 - PostingScheduler - INFO - スケジュール設定: 17:00
2025-06-14 15:36:46,185 - PostingScheduler - INFO - スケジュール設定: 20:00
2025-06-14 15:36:46,185 - PostingScheduler - INFO - スケジュール設定: 22:00
2025-06-14 15:36:46,186 - PostingScheduler - INFO - スケジュール設定: 00:00
2025-06-14 15:51:50,476 - PostingScheduler - INFO - 投稿関数を設定: posting_function
2025-06-14 15:51:51,366 - threads-automation - INFO - ユーザー情報取得成功: {'id': '10068250716584647'}
2025-06-14 15:51:51,368 - threads-automation - INFO - 投稿URL: https://graph.threads.net/v1.0/10068250716584647/threads
2025-06-14 15:51:51,368 - threads-automation - INFO - ユーザーID: 10068250716584647
2025-06-14 15:51:51,368 - threads-automation - INFO - ペイロード: {'text': '流石にこんなでかけつじゃ運転しんどいよね。', 'media_type': 'TEXT'}
2025-06-14 15:51:56,865 - threads-automation - INFO - レスポンスステータス: 200
2025-06-14 15:51:56,866 - threads-automation - INFO - レスポンス内容: {"id":"18049796591412138"}
2025-06-14 15:52:03,173 - threads-automation - INFO - 投稿成功: {'id': '18012345830742844'}
2025-06-14 15:52:08,525 - threads-automation - INFO - ユーザー情報取得成功: {'id': '10068250716584647'}
2025-06-14 15:52:08,526 - threads-automation - INFO - リプライURL: https://graph.threads.net/v1.0/10068250716584647/threads
2025-06-14 15:52:08,526 - threads-automation - INFO - ユーザーID: 10068250716584647
2025-06-14 15:52:08,527 - threads-automation - INFO - リプライ先ID: 18012345830742844
2025-06-14 15:52:08,527 - threads-automation - INFO - ペイロード: {'text': 'こんな私でもいい人は...\nhttps://b-short.link/ZzDGuk', 'media_type': 'TEXT', 'reply_to_id': '18012345830742844'}
2025-06-14 15:52:14,895 - threads-automation - INFO - レスポンスステータス: 200
2025-06-14 15:52:14,895 - threads-automation - INFO - レスポンス内容: {"id":"18022576700687533"}
2025-06-14 15:52:24,119 - threads-automation - INFO - リプライ投稿成功: {'id': '18060143392976060'}
2025-06-14 16:01:48,063 - threads-automation - INFO - ユーザー情報取得成功: {'id': '10068250716584647'}
2025-06-14 16:01:48,064 - threads-automation - INFO - 投稿URL: https://graph.threads.net/v1.0/10068250716584647/threads
2025-06-14 16:01:48,064 - threads-automation - INFO - ユーザーID: 10068250716584647
2025-06-14 16:01:48,065 - threads-automation - INFO - ペイロード: {'text': 'これが売れることがおかしいと思わない。すごい国である。', 'media_type': 'TEXT'}
2025-06-14 16:01:52,523 - threads-automation - INFO - レスポンスステータス: 200
2025-06-14 16:01:52,523 - threads-automation - INFO - レスポンス内容: {"id":"18273931561281844"}
2025-06-14 16:01:58,847 - threads-automation - INFO - 投稿成功: {'id': '18334572466162725'}
2025-06-14 16:02:04,262 - threads-automation - INFO - ユーザー情報取得成功: {'id': '10068250716584647'}
2025-06-14 16:02:04,263 - threads-automation - INFO - リプライURL: https://graph.threads.net/v1.0/10068250716584647/threads
2025-06-14 16:02:04,263 - threads-automation - INFO - ユーザーID: 10068250716584647
2025-06-14 16:02:04,264 - threads-automation - INFO - リプライ先ID: 18334572466162725
2025-06-14 16:02:09,321 - threads-automation - INFO - レスポンスステータス: 200
2025-06-14 16:02:09,321 - threads-automation - INFO - レスポンス内容: {"id":"18066732977010918"}
2025-06-14 16:02:17,602 - threads-automation - INFO - リプライ投稿成功: {'id': '18102087394549915'}
2025-06-14 16:15:30,696 - PostingScheduler - INFO - 投稿関数を設定: posting_function
2025-06-14 16:15:31,912 - threads-automation - INFO - Cloudinaryに既存画像なし: Error 404 - Resource not found - threads/CONTENT_014
2025-06-14 16:15:34,906 - threads-automation - INFO - ユーザー情報取得成功: {'id': '10068250716584647'}
2025-06-14 16:15:34,907 - threads-automation - INFO - 画像投稿URL: https://graph.threads.net/v1.0/10068250716584647/threads
2025-06-14 16:15:34,908 - threads-automation - INFO - ユーザーID: 10068250716584647
2025-06-14 16:15:34,908 - threads-automation - INFO - 画像URL: https://res.cloudinary.com/duu2ybdru/image/upload/v1749885335/threads/CONTENT_014.jpg
2025-06-14 16:15:34,908 - threads-automation - INFO - ペイロード: {'text': 'ホラーようちえん', 'image_url': 'https://res.cloudinary.com/duu2ybdru/image/upload/v1749885335/threads/CONTENT_014.jpg', 'media_type': 'IMAGE'}
2025-06-14 16:15:43,721 - threads-automation - INFO - レスポンスステータス: 200
2025-06-14 16:15:43,722 - threads-automation - INFO - レスポンス内容: {"id":"17937423206912272"}
2025-06-14 16:15:50,846 - threads-automation - INFO - 画像投稿成功: {'id': '18066923263866309'}
2025-06-14 16:15:56,203 - threads-automation - INFO - ユーザー情報取得成功: {'id': '10068250716584647'}
2025-06-14 16:15:56,203 - threads-automation - INFO - リプライURL: https://graph.threads.net/v1.0/10068250716584647/threads
2025-06-14 16:15:56,204 - threads-automation - INFO - ユーザーID: 10068250716584647
2025-06-14 16:15:56,204 - threads-automation - INFO - リプライ先ID: 18066923263866309
2025-06-14 16:16:01,119 - threads-automation - INFO - レスポンスステータス: 200
2025-06-14 16:16:01,119 - threads-automation - INFO - レスポンス内容: {"id":"17952601880974149"}
2025-06-14 16:16:09,544 - threads-automation - INFO - リプライ投稿成功: {'id': '18076863145850827'}
