2025-06-21 17:36:06,896 - threads-scheduler - INFO - Threads自動投稿スケジューラーシステム 起動中...
2025-06-21 17:36:06,911 - threads-scheduler - INFO - スケジューラー初期化完了
2025-06-21 17:36:06,911 - threads-scheduler - INFO - スケジューラー状態確認
2025-06-21 17:36:06,911 - threads-scheduler - INFO - ステータス: 停止中
2025-06-21 17:36:06,912 - threads-scheduler - INFO - 投稿時間: 02:00, 05:00, 08:00, 12:00, 17:00, 20:00, 22:00, 00:00
2025-06-21 17:36:06,912 - threads-scheduler - INFO - 投稿対象アカウント: 20件
2025-06-21 17:36:36,320 - threads-scheduler - INFO - Threads自動投稿スケジューラーシステム 起動中...
2025-06-21 17:36:36,333 - threads-scheduler - INFO - スケジューラー初期化完了
2025-06-21 17:36:36,333 - threads-scheduler - INFO - スケジューラー状態確認
2025-06-21 17:36:36,333 - threads-scheduler - INFO - ステータス: 停止中
2025-06-21 17:36:36,333 - threads-scheduler - INFO - 投稿時間: 02:00, 05:00, 08:00, 12:00, 17:00, 20:00, 22:00, 00:00
2025-06-21 17:36:36,334 - threads-scheduler - INFO - 投稿対象アカウント: 20件
2025-06-21 17:41:51,244 - threads-scheduler - INFO - Threads自動投稿スケジューラーシステム 起動中...
2025-06-21 17:41:51,273 - threads-scheduler - INFO - スケジューラー初期化完了
2025-06-21 17:41:51,273 - threads-scheduler - INFO - スケジューラー状態確認
2025-06-21 17:41:51,273 - threads-scheduler - INFO - ステータス: 停止中
2025-06-21 17:41:51,273 - threads-scheduler - INFO - 投稿時間: 02:00, 05:00, 08:00, 12:00, 17:00, 20:00, 22:00, 00:00
2025-06-21 17:41:51,274 - threads-scheduler - INFO - 投稿対象アカウント: 20件
2025-06-21 17:42:33,029 - threads-scheduler - INFO - Threads自動投稿スケジューラーシステム 起動中...
2025-06-21 17:42:33,045 - threads-scheduler - INFO - スケジューラー初期化完了
2025-06-21 17:42:33,045 - threads-scheduler - INFO - 手動投稿を実行します
2025-06-21 17:42:33,047 - threads-scheduler - INFO - === スケジュール投稿実行 2025-06-21 17:42:33 ===
2025-06-21 17:53:10,720 - threads-scheduler - INFO - 成功: 20件
2025-06-21 17:53:10,720 - threads-scheduler - INFO - 失敗: 0件
2025-06-21 17:53:10,720 - threads-scheduler - INFO - ✅ ACCOUNT_001
2025-06-21 17:53:10,721 - threads-scheduler - INFO - ✅ ACCOUNT_002
2025-06-21 17:53:10,723 - threads-scheduler - INFO - ✅ ACCOUNT_003
2025-06-21 17:53:10,724 - threads-scheduler - INFO - ✅ ACCOUNT_004
2025-06-21 17:53:10,725 - threads-scheduler - INFO - ✅ ACCOUNT_005
2025-06-21 17:53:10,726 - threads-scheduler - INFO - ✅ ACCOUNT_006
2025-06-21 17:53:10,727 - threads-scheduler - INFO - ✅ ACCOUNT_007
2025-06-21 17:53:10,728 - threads-scheduler - INFO - ✅ ACCOUNT_008
2025-06-21 17:53:10,729 - threads-scheduler - INFO - ✅ ACCOUNT_009
2025-06-21 17:53:10,730 - threads-scheduler - INFO - ✅ ACCOUNT_010
2025-06-21 17:53:10,731 - threads-scheduler - INFO - ✅ ACCOUNT_011
2025-06-21 17:53:10,732 - threads-scheduler - INFO - ✅ ACCOUNT_012
2025-06-21 17:53:10,734 - threads-scheduler - INFO - ✅ ACCOUNT_013
2025-06-21 17:53:10,735 - threads-scheduler - INFO - ✅ ACCOUNT_014
2025-06-21 17:53:10,736 - threads-scheduler - INFO - ✅ ACCOUNT_015
2025-06-21 17:53:10,738 - threads-scheduler - INFO - ✅ ACCOUNT_016
2025-06-21 17:53:10,738 - threads-scheduler - INFO - ✅ ACCOUNT_017
2025-06-21 17:53:10,739 - threads-scheduler - INFO - ✅ ACCOUNT_018
2025-06-21 17:53:10,741 - threads-scheduler - INFO - ✅ ACCOUNT_019
2025-06-21 17:53:10,741 - threads-scheduler - INFO - ✅ ACCOUNT_020
2025-06-21 17:53:10,742 - threads-scheduler - INFO - スケジュール投稿完了
2025-06-21 17:53:10,743 - threads-scheduler - INFO - 手動投稿完了
2025-06-21 18:07:42,601 - threads-scheduler - INFO - Threads自動投稿スケジューラーシステム 起動中...
2025-06-21 18:07:42,615 - threads-scheduler - INFO - スケジューラー初期化完了
2025-06-21 18:07:42,615 - threads-scheduler - INFO - スケジューラー状態確認
2025-06-21 18:07:42,615 - threads-scheduler - INFO - ステータス: 不明
2025-06-21 18:07:42,615 - threads-scheduler - INFO - 投稿時間: 02:00, 05:00, 08:00, 12:00, 17:00, 20:00, 22:00, 00:00
2025-06-21 18:07:42,616 - threads-scheduler - INFO - 投稿対象アカウント: 20件
2025-06-21 18:44:01,833 - threads-scheduler - INFO - Threads自動投稿スケジューラーシステム v5.0 起動
2025-06-21 18:44:01,834 - threads-scheduler - INFO - Threads自動投稿スケジューラーシステム 起動中...
2025-06-21 18:44:01,867 - threads-scheduler - INFO - スケジューラー初期化完了
2025-06-21 18:44:01,867 - threads-scheduler - INFO - 通常実行モード
2025-06-21 18:44:01,868 - threads-scheduler - INFO - スケジューラーを開始します
2025-06-21 18:44:01,868 - threads-scheduler - INFO - 02:00 に投稿するようスケジュール設定しました
2025-06-21 18:44:01,868 - threads-scheduler - INFO - 05:00 に投稿するようスケジュール設定しました
2025-06-21 18:44:01,869 - threads-scheduler - INFO - 08:00 に投稿するようスケジュール設定しました
2025-06-21 18:44:01,869 - threads-scheduler - INFO - 12:00 に投稿するようスケジュール設定しました
2025-06-21 18:44:01,869 - threads-scheduler - INFO - 17:00 に投稿するようスケジュール設定しました
2025-06-21 18:44:01,869 - threads-scheduler - INFO - 20:00 に投稿するようスケジュール設定しました
2025-06-21 18:44:01,870 - threads-scheduler - INFO - 22:00 に投稿するようスケジュール設定しました
2025-06-21 18:44:01,870 - threads-scheduler - INFO - 00:00 に投稿するようスケジュール設定しました
2025-06-21 18:44:01,870 - threads-scheduler - INFO - スケジュール設定完了
2025-06-21 18:44:01,871 - threads-scheduler - INFO - 状態ファイルを作成しました: logs\scheduler_status.json
2025-06-21 18:44:01,871 - threads-scheduler - INFO - スケジューラーがバックグラウンドで実行中
2025-06-21 18:44:07,223 - threads-scheduler - INFO - ユーザーによる中断
2025-06-21 18:44:07,223 - threads-scheduler - INFO - スケジューラーを停止しました
2025-06-21 18:44:07,224 - threads-scheduler - INFO - 状態ファイルを更新しました: logs\scheduler_status.json
2025-06-21 18:44:21,419 - threads-scheduler - INFO - Threads自動投稿スケジューラーシステム v5.0 起動
2025-06-21 18:44:21,419 - threads-scheduler - INFO - Threads自動投稿スケジューラーシステム 起動中...
2025-06-21 18:44:21,440 - threads-scheduler - INFO - スケジューラー初期化完了
2025-06-21 18:44:21,440 - threads-scheduler - INFO - 通常実行モード
2025-06-21 18:44:21,440 - threads-scheduler - INFO - スケジューラーを開始します
2025-06-21 18:44:21,441 - threads-scheduler - INFO - 02:00 に投稿するようスケジュール設定しました
2025-06-21 18:44:21,441 - threads-scheduler - INFO - 05:00 に投稿するようスケジュール設定しました
2025-06-21 18:44:21,441 - threads-scheduler - INFO - 08:00 に投稿するようスケジュール設定しました
2025-06-21 18:44:21,441 - threads-scheduler - INFO - 12:00 に投稿するようスケジュール設定しました
2025-06-21 18:44:21,442 - threads-scheduler - INFO - 17:00 に投稿するようスケジュール設定しました
2025-06-21 18:44:21,442 - threads-scheduler - INFO - 20:00 に投稿するようスケジュール設定しました
2025-06-21 18:44:21,442 - threads-scheduler - INFO - 22:00 に投稿するようスケジュール設定しました
2025-06-21 18:44:21,443 - threads-scheduler - INFO - 00:00 に投稿するようスケジュール設定しました
2025-06-21 18:44:21,443 - threads-scheduler - INFO - スケジュール設定完了
2025-06-21 18:44:21,443 - threads-scheduler - INFO - 状態ファイルを作成しました: logs\scheduler_status.json
2025-06-21 18:44:21,444 - threads-scheduler - INFO - スケジューラーがバックグラウンドで実行中
2025-06-21 18:45:36,723 - threads-scheduler - INFO - ユーザーによる中断
2025-06-21 18:45:36,723 - threads-scheduler - INFO - スケジューラーを停止しました
2025-06-21 18:45:36,724 - threads-scheduler - INFO - 状態ファイルを更新しました: logs\scheduler_status.json
2025-06-21 18:45:39,376 - threads-scheduler - INFO - Threads自動投稿スケジューラーシステム v5.0 起動
2025-06-21 18:45:39,376 - threads-scheduler - INFO - Threads自動投稿スケジューラーシステム 起動中...
2025-06-21 18:45:39,397 - threads-scheduler - INFO - スケジューラー初期化完了
2025-06-21 18:45:39,397 - threads-scheduler - INFO - 通常実行モード
2025-06-21 18:45:39,398 - threads-scheduler - INFO - スケジューラーを開始します
2025-06-21 18:45:39,398 - threads-scheduler - INFO - 02:00 に投稿するようスケジュール設定しました
2025-06-21 18:45:39,398 - threads-scheduler - INFO - 05:00 に投稿するようスケジュール設定しました
2025-06-21 18:45:39,399 - threads-scheduler - INFO - 08:00 に投稿するようスケジュール設定しました
2025-06-21 18:45:39,399 - threads-scheduler - INFO - 12:00 に投稿するようスケジュール設定しました
2025-06-21 18:45:39,399 - threads-scheduler - INFO - 17:00 に投稿するようスケジュール設定しました
2025-06-21 18:45:39,399 - threads-scheduler - INFO - 20:00 に投稿するようスケジュール設定しました
2025-06-21 18:45:39,400 - threads-scheduler - INFO - 22:00 に投稿するようスケジュール設定しました
2025-06-21 18:45:39,400 - threads-scheduler - INFO - 00:00 に投稿するようスケジュール設定しました
2025-06-21 18:45:39,400 - threads-scheduler - INFO - スケジュール設定完了
2025-06-21 18:45:39,401 - threads-scheduler - INFO - 状態ファイルを作成しました: logs\scheduler_status.json
2025-06-21 18:45:39,401 - threads-scheduler - INFO - スケジューラーがバックグラウンドで実行中
2025-06-21 20:00:39,495 - threads-scheduler - INFO - === スケジュール投稿実行 2025-06-21 20:00:39 ===
2025-06-21 20:11:14,543 - threads-scheduler - INFO - 成功: 20件
2025-06-21 20:11:14,545 - threads-scheduler - INFO - 失敗: 1件
2025-06-21 20:11:14,545 - threads-scheduler - INFO - [成功] ACCOUNT_001
2025-06-21 20:11:14,545 - threads-scheduler - INFO - [成功] ACCOUNT_002
2025-06-21 20:11:14,546 - threads-scheduler - INFO - [成功] ACCOUNT_003
2025-06-21 20:11:14,546 - threads-scheduler - INFO - [成功] ACCOUNT_004
2025-06-21 20:11:14,546 - threads-scheduler - INFO - [成功] ACCOUNT_005
2025-06-21 20:11:14,547 - threads-scheduler - INFO - [成功] ACCOUNT_006
2025-06-21 20:11:14,547 - threads-scheduler - INFO - [成功] ACCOUNT_007
2025-06-21 20:11:14,547 - threads-scheduler - INFO - [成功] ACCOUNT_008
2025-06-21 20:11:14,548 - threads-scheduler - INFO - [成功] ACCOUNT_009
2025-06-21 20:11:14,548 - threads-scheduler - INFO - [成功] ACCOUNT_010
2025-06-21 20:11:14,548 - threads-scheduler - INFO - [成功] ACCOUNT_011
2025-06-21 20:11:14,548 - threads-scheduler - INFO - [成功] ACCOUNT_012
2025-06-21 20:11:14,549 - threads-scheduler - INFO - [成功] ACCOUNT_013
2025-06-21 20:11:14,549 - threads-scheduler - INFO - [成功] ACCOUNT_014
2025-06-21 20:11:14,549 - threads-scheduler - INFO - [成功] ACCOUNT_015
2025-06-21 20:11:14,549 - threads-scheduler - INFO - [成功] ACCOUNT_016
2025-06-21 20:11:14,549 - threads-scheduler - INFO - [成功] ACCOUNT_017
2025-06-21 20:11:14,550 - threads-scheduler - INFO - [成功] ACCOUNT_018
2025-06-21 20:11:14,550 - threads-scheduler - INFO - [成功] ACCOUNT_019
2025-06-21 20:11:14,550 - threads-scheduler - INFO - [成功] ACCOUNT_020
2025-06-21 20:11:14,550 - threads-scheduler - INFO - [失敗] ACCOUNT_021
2025-06-21 20:11:14,551 - threads-scheduler - INFO - スケジュール投稿完了
2025-06-21 20:21:18,703 - threads-scheduler - INFO - ユーザーによる中断
2025-06-21 20:21:18,711 - threads-scheduler - INFO - スケジューラーを停止しました
2025-06-21 20:21:18,715 - threads-scheduler - INFO - 状態ファイルを更新しました: logs\scheduler_status.json
