2025-06-22 08:39:26,176 - threads-scheduler - INFO - Threads自動投稿スケジューラーシステム 起動中...
2025-06-22 08:39:26,192 - threads-scheduler - INFO - スケジューラー初期化完了
2025-06-22 08:39:26,192 - threads-scheduler - INFO - 手動投稿を実行します
2025-06-22 08:39:26,192 - threads-scheduler - INFO - === スケジュール投稿実行 2025-06-22 08:39:26 ===
2025-06-22 08:50:25,927 - threads-scheduler - INFO - 成功: 20件
2025-06-22 08:50:25,929 - threads-scheduler - INFO - 失敗: 1件
2025-06-22 08:50:25,931 - threads-scheduler - INFO - [成功] ACCOUNT_001
2025-06-22 08:50:25,933 - threads-scheduler - INFO - [成功] ACCOUNT_002
2025-06-22 08:50:25,934 - threads-scheduler - INFO - [成功] ACCOUNT_003
2025-06-22 08:50:25,934 - threads-scheduler - INFO - [成功] ACCOUNT_004
2025-06-22 08:50:25,935 - threads-scheduler - INFO - [成功] ACCOUNT_005
2025-06-22 08:50:25,937 - threads-scheduler - INFO - [成功] ACCOUNT_006
2025-06-22 08:50:25,938 - threads-scheduler - INFO - [成功] ACCOUNT_007
2025-06-22 08:50:25,939 - threads-scheduler - INFO - [成功] ACCOUNT_008
2025-06-22 08:50:25,940 - threads-scheduler - INFO - [成功] ACCOUNT_009
2025-06-22 08:50:25,940 - threads-scheduler - INFO - [成功] ACCOUNT_010
2025-06-22 08:50:25,941 - threads-scheduler - INFO - [成功] ACCOUNT_011
2025-06-22 08:50:25,941 - threads-scheduler - INFO - [成功] ACCOUNT_012
2025-06-22 08:50:25,941 - threads-scheduler - INFO - [成功] ACCOUNT_013
2025-06-22 08:50:25,941 - threads-scheduler - INFO - [成功] ACCOUNT_014
2025-06-22 08:50:25,941 - threads-scheduler - INFO - [成功] ACCOUNT_015
2025-06-22 08:50:25,942 - threads-scheduler - INFO - [成功] ACCOUNT_016
2025-06-22 08:50:25,942 - threads-scheduler - INFO - [成功] ACCOUNT_017
2025-06-22 08:50:25,942 - threads-scheduler - INFO - [成功] ACCOUNT_018
2025-06-22 08:50:25,942 - threads-scheduler - INFO - [成功] ACCOUNT_019
2025-06-22 08:50:25,942 - threads-scheduler - INFO - [成功] ACCOUNT_020
2025-06-22 08:50:25,943 - threads-scheduler - INFO - [失敗] ACCOUNT_021
2025-06-22 08:50:25,943 - threads-scheduler - INFO - スケジュール投稿完了
2025-06-22 08:50:25,944 - threads-scheduler - INFO - 手動投稿完了
