[21480:10344:0627/181518.616:INFO:components\enterprise\browser\controller\chrome_browser_cloud_management_controller.cc:202] No machine level policy manager exists.
[21480:10344:0627/181520.700:INFO:CONSOLE:250] "
%cSTOP！ font-family:helvetica; font-size:20px; font-size:50px; font-weight:bold; color:red; -webkit-text-stroke:1px black;", source: https://static.cdninstagram.com/rsrc.php/v4/yV/r/SbZOjC4lYT_.js (250)
[21480:10344:0627/181520.700:INFO:CONSOLE:250] "
%cこれは開発者向けのブラウザー機能です。Threads機能を有効にするためまたは誰かのアカウントをハッキングするために、ここに何かをコピー・貼り付けするように言われた場合、それは第三者があなたのThreadsアカウントへのアクセスを得るための詐欺・不正行為です。 font-family:helvetica; font-size:20px; ", source: https://static.cdninstagram.com/rsrc.php/v4/yV/r/SbZOjC4lYT_.js (250)
[21480:10344:0627/181520.700:INFO:CONSOLE:250] "
%c詳細はhttps://www.facebook.com/selfxssをご覧ください。 font-family:helvetica; font-size:20px; ", source: https://static.cdninstagram.com/rsrc.php/v4/yV/r/SbZOjC4lYT_.js (250)
[21480:10344:0627/181520.700:INFO:CONSOLE:250] "
%c ", source: https://static.cdninstagram.com/rsrc.php/v4/yV/r/SbZOjC4lYT_.js (250)
[21480:10344:0627/181523.649:ERROR:components\device_event_log\device_event_log_impl.cc:202] [18:15:23.649] USB: usb_service_win.cc:105 SetupDiGetDeviceProperty({{A45C254E-DF1C-4EFD-8020-67D146A850E0}, 6}) failed: 要素が見つかりません。 (0x490)
[21480:10344:0627/181529.248:WARNING:components\download\internal\background_service\controller_impl.cc:1187] Background download complete, client: 6, completion type: 0, file size:5155
[21480:10344:0627/181529.251:WARNING:components\download\internal\background_service\controller_impl.cc:1187] Background download complete, client: 6, completion type: 0, file size:265059
[21480:10344:0627/181529.506:WARNING:components\download\internal\background_service\controller_impl.cc:1187] Background download complete, client: 6, completion type: 0, file size:45175
[21480:10344:0627/181529.661:WARNING:components\download\internal\background_service\controller_impl.cc:1187] Background download complete, client: 6, completion type: 0, file size:2200227
[21480:10344:0627/181529.909:WARNING:components\download\internal\background_service\controller_impl.cc:1187] Background download complete, client: 6, completion type: 0, file size:4680
[21480:10344:0627/181529.925:WARNING:components\download\internal\background_service\controller_impl.cc:1187] Background download complete, client: 6, completion type: 0, file size:2747169
[21480:10344:0627/181530.241:WARNING:components\download\internal\background_service\controller_impl.cc:1187] Background download complete, client: 6, completion type: 0, file size:118577
[21480:10344:0627/181542.468:INFO:CONSOLE:250] "
%cSTOP！ font-family:helvetica; font-size:20px; font-size:50px; font-weight:bold; color:red; -webkit-text-stroke:1px black;", source: https://static.cdninstagram.com/rsrc.php/v4/yV/r/SbZOjC4lYT_.js (250)
[21480:10344:0627/181542.468:INFO:CONSOLE:250] "
%cこれは開発者向けのブラウザー機能です。Threads機能を有効にするためまたは誰かのアカウントをハッキングするために、ここに何かをコピー・貼り付けするように言われた場合、それは第三者があなたのThreadsアカウントへのアクセスを得るための詐欺・不正行為です。 font-family:helvetica; font-size:20px; ", source: https://static.cdninstagram.com/rsrc.php/v4/yV/r/SbZOjC4lYT_.js (250)
[21480:10344:0627/181542.468:INFO:CONSOLE:250] "
%c詳細はhttps://www.facebook.com/selfxssをご覧ください。 font-family:helvetica; font-size:20px; ", source: https://static.cdninstagram.com/rsrc.php/v4/yV/r/SbZOjC4lYT_.js (250)
[21480:10344:0627/181542.468:INFO:CONSOLE:250] "
%c ", source: https://static.cdninstagram.com/rsrc.php/v4/yV/r/SbZOjC4lYT_.js (250)
[21480:10344:0627/181552.263:INFO:CONSOLE:250] "
%cSTOP！ font-family:helvetica; font-size:20px; font-size:50px; font-weight:bold; color:red; -webkit-text-stroke:1px black;", source: https://static.cdninstagram.com/rsrc.php/v4/yV/r/SbZOjC4lYT_.js (250)
[21480:10344:0627/181552.263:INFO:CONSOLE:250] "
%cこれは開発者向けのブラウザー機能です。Threads機能を有効にするためまたは誰かのアカウントをハッキングするために、ここに何かをコピー・貼り付けするように言われた場合、それは第三者があなたのThreadsアカウントへのアクセスを得るための詐欺・不正行為です。 font-family:helvetica; font-size:20px; ", source: https://static.cdninstagram.com/rsrc.php/v4/yV/r/SbZOjC4lYT_.js (250)
[21480:10344:0627/181552.263:INFO:CONSOLE:250] "
%c詳細はhttps://www.facebook.com/selfxssをご覧ください。 font-family:helvetica; font-size:20px; ", source: https://static.cdninstagram.com/rsrc.php/v4/yV/r/SbZOjC4lYT_.js (250)
[21480:10344:0627/181552.263:INFO:CONSOLE:250] "
%c ", source: https://static.cdninstagram.com/rsrc.php/v4/yV/r/SbZOjC4lYT_.js (250)
[15956:18372:0627/181654.287:WARNING:net\extras\sqlite\sqlite_persistent_store_backend_base.cc:176] Failed to post task from FlushAndNotifyInBackground@net\extras\sqlite\sqlite_persistent_store_backend_base.cc:226 to client_task_runner_.
[15956:18372:0627/181654.287:WARNING:net\extras\sqlite\sqlite_persistent_store_backend_base.cc:176] Failed to post task from FlushAndNotifyInBackground@net\extras\sqlite\sqlite_persistent_store_backend_base.cc:226 to client_task_runner_.
