[23524:26620:0630/110231.452:INFO:components\enterprise\browser\controller\chrome_browser_cloud_management_controller.cc:202] No machine level policy manager exists.
[25816:25756:0630/110235.295:ERROR:gpu\command_buffer\service\gles2_cmd_decoder_passthrough.cc:1092] [GroupMarkerNotSet(crbug.com/242999)!:A0A046024C0F0000]Automatic fallback to software WebGL has been deprecated. Please use the --enable-unsafe-swiftshader flag to opt in to lower security guarantees for trusted content.
[23524:26620:0630/110235.302:INFO:CONSOLE:0] "[GroupMarkerNotSet(crbug.com/242999)!:A0A046024C0F0000]Automatic fallback to software WebGL has been deprecated. Please use the --enable-unsafe-swiftshader flag to opt in to lower security guarantees for trusted content.", source: https://www.threads.com/ (0)
[23524:26620:0630/110235.306:INFO:CONSOLE:250] "
%cSTOP！ font-family:helvetica; font-size:20px; font-size:50px; font-weight:bold; color:red; -webkit-text-stroke:1px black;", source: https://static.cdninstagram.com/rsrc.php/v4/yO/r/0AuMd33iLCn.js (250)
[23524:26620:0630/110235.306:INFO:CONSOLE:250] "
%cこれは開発者向けのブラウザー機能です。Threads機能を有効にするためまたは誰かのアカウントをハッキングするために、ここに何かをコピー・貼り付けするように言われた場合、それは第三者があなたのThreadsアカウントへのアクセスを得るための詐欺・不正行為です。 font-family:helvetica; font-size:20px; ", source: https://static.cdninstagram.com/rsrc.php/v4/yO/r/0AuMd33iLCn.js (250)
[23524:26620:0630/110235.306:INFO:CONSOLE:250] "
%c詳細はhttps://www.facebook.com/selfxssをご覧ください。 font-family:helvetica; font-size:20px; ", source: https://static.cdninstagram.com/rsrc.php/v4/yO/r/0AuMd33iLCn.js (250)
[23524:26620:0630/110235.306:INFO:CONSOLE:250] "
%c ", source: https://static.cdninstagram.com/rsrc.php/v4/yO/r/0AuMd33iLCn.js (250)
[25816:25756:0630/110235.312:ERROR:gpu\command_buffer\service\gles2_cmd_decoder_passthrough.cc:1092] [GroupMarkerNotSet(crbug.com/242999)!:A0D046024C0F0000]Automatic fallback to software WebGL has been deprecated. Please use the --enable-unsafe-swiftshader flag to opt in to lower security guarantees for trusted content.
[23524:26620:0630/110235.316:INFO:CONSOLE:0] "[GroupMarkerNotSet(crbug.com/242999)!:A0D046024C0F0000]Automatic fallback to software WebGL has been deprecated. Please use the --enable-unsafe-swiftshader flag to opt in to lower security guarantees for trusted content.", source: https://www.threads.com/ (0)
[23524:26620:0630/110238.086:ERROR:components\device_event_log\device_event_log_impl.cc:202] [11:02:38.086] USB: usb_service_win.cc:105 SetupDiGetDeviceProperty({{A45C254E-DF1C-4EFD-8020-67D146A850E0}, 6}) failed: 要素が見つかりません。 (0x490)
[23524:26620:0630/110240.977:INFO:CONSOLE:250] "
%cSTOP！ font-family:helvetica; font-size:20px; font-size:50px; font-weight:bold; color:red; -webkit-text-stroke:1px black;", source: https://static.cdninstagram.com/rsrc.php/v4/yO/r/0AuMd33iLCn.js (250)
[23524:26620:0630/110240.977:INFO:CONSOLE:250] "
%cこれは開発者向けのブラウザー機能です。Threads機能を有効にするためまたは誰かのアカウントをハッキングするために、ここに何かをコピー・貼り付けするように言われた場合、それは第三者があなたのThreadsアカウントへのアクセスを得るための詐欺・不正行為です。 font-family:helvetica; font-size:20px; ", source: https://static.cdninstagram.com/rsrc.php/v4/yO/r/0AuMd33iLCn.js (250)
[23524:26620:0630/110240.977:INFO:CONSOLE:250] "
%c詳細はhttps://www.facebook.com/selfxssをご覧ください。 font-family:helvetica; font-size:20px; ", source: https://static.cdninstagram.com/rsrc.php/v4/yO/r/0AuMd33iLCn.js (250)
[23524:26620:0630/110240.977:INFO:CONSOLE:250] "
%c ", source: https://static.cdninstagram.com/rsrc.php/v4/yO/r/0AuMd33iLCn.js (250)
[25816:25756:0630/110240.981:ERROR:gpu\command_buffer\service\gles2_cmd_decoder_passthrough.cc:1092] [GroupMarkerNotSet(crbug.com/242999)!:A0A046024C0F0000]Automatic fallback to software WebGL has been deprecated. Please use the --enable-unsafe-swiftshader flag to opt in to lower security guarantees for trusted content.
[23524:26620:0630/110240.986:INFO:CONSOLE:0] "[GroupMarkerNotSet(crbug.com/242999)!:A0A046024C0F0000]Automatic fallback to software WebGL has been deprecated. Please use the --enable-unsafe-swiftshader flag to opt in to lower security guarantees for trusted content.", source: https://www.threads.com/ (0)
